TN:
SF:src\domain\use-Cases\create-table-use-case.ts
FN:12,CreateTable
FN:19,execute
FNF:2
FNH:2
FNDA:2,CreateTable
FNDA:1,execute
DA:1,1
DA:2,1
DA:3,1
DA:4,1
DA:5,1
DA:6,1
DA:7,1
DA:8,1
DA:9,1
DA:10,1
DA:11,1
DA:12,1
DA:13,2
DA:14,2
DA:15,2
DA:16,2
DA:17,2
DA:18,1
DA:19,1
DA:20,1
DA:21,1
DA:22,1
DA:23,1
DA:24,1
DA:25,1
DA:26,1
DA:27,10
DA:28,10
DA:29,1
DA:30,1
DA:31,1
LF:31
LH:31
BRDA:12,0,0,2
BRDA:19,1,0,1
BRDA:26,2,0,10
BRF:3
BRH:3
end_of_record
TN:
SF:src\domain\use-Cases\save-file-use-case.ts
FN:15,SaveFile
FN:19,execute
FNF:2
FNH:2
FNDA:2,SaveFile
FNDA:1,execute
DA:1,1
DA:2,1
DA:3,1
DA:4,1
DA:5,1
DA:6,1
DA:7,1
DA:8,1
DA:9,1
DA:10,1
DA:11,1
DA:12,1
DA:13,1
DA:14,1
DA:15,1
DA:16,2
DA:17,2
DA:18,1
DA:19,1
DA:20,1
DA:21,1
DA:22,1
DA:23,1
DA:24,1
DA:25,1
DA:26,1
DA:27,1
DA:28,1
DA:29,0
DA:30,0
DA:31,1
DA:32,1
LF:32
LH:30
BRDA:15,0,0,2
BRDA:19,1,0,1
BRDA:25,2,0,0
BRDA:28,3,0,0
BRF:4
BRH:2
end_of_record
TN:
SF:src\presentation\server-app.ts
FN:16,run
FNF:1
FNH:1
FNDA:2,run
DA:1,1
DA:2,1
DA:3,1
DA:4,1
DA:5,1
DA:6,1
DA:7,1
DA:8,1
DA:9,1
DA:10,1
DA:11,1
DA:12,1
DA:13,1
DA:14,1
DA:15,1
DA:16,1
DA:17,2
DA:18,2
DA:19,2
DA:20,2
DA:21,2
DA:22,2
DA:23,2
DA:24,2
DA:25,2
DA:26,2
DA:27,2
DA:28,2
DA:29,2
DA:30,2
DA:31,1
LF:31
LH:31
BRDA:16,0,0,2
BRDA:25,1,0,0
BRDA:28,2,0,1
BRDA:29,3,0,1
BRF:4
BRH:3
end_of_record
